<?xml version="1.0" encoding="UTF-8"?>
<!-- Generated by org.testng.reporters.JUnitXMLReporter -->
<testsuite ignored="0" hostname="DESKTOP-2JBFBCA" failures="0" tests="6" name="Test" time="0.061" errors="0" timestamp="2021-05-27T12:40:30 EDT">
  <testcase classname="udemyPractice.SeleniumTest" name="browserAutomation" time="0.005"/>
  <testcase classname="udemyPractice.SeleniumTest" name="elementsUI" time="0.001"/>
  <testcase classname="udemyPractice.RestAPITest" name="deleteTweeter" time="0.0"/>
  <testcase classname="udemyPractice.RestAPITest" name="postJira" time="0.0"/>
  <testcase classname="udemyPractice.AppiumTest" name="NativeAppAndroid" time="0.001"/>
  <testcase classname="udemyPractice.AppiumTest" name="iosApps" time="0.0"/>
</testsuite> <!-- Test -->
